
=== Thu May 15 09:37:45 2025

Packages were changed.
Update Mode: updateDependencies

The following packages were updated:
  com.unity.2d.animation from version 3.2.11 to 10.2.0
  com.unity.2d.pixel-perfect from version 2.1.0 to 5.1.0
  com.unity.2d.psdimporter from version 2.1.8 to 10.1.0
  com.unity.2d.spriteshape from version 3.0.17 to 10.1.0
  com.unity.collab-proxy from version 1.10.2 to 2.7.1
  com.unity.ide.rider from version 1.2.1 to 3.0.36
  com.unity.ide.visualstudio from version 2.0.11 to 2.0.23
  com.unity.postprocessing from version 3.1.1 to 3.4.0
  com.unity.test-framework from version 1.1.29 to 1.5.1
  com.unity.timeline from version 1.2.18 to 1.8.7
  com.unity.ugui from version 1.0.0 to 2.0.0
The following packages were removed:
  com.unity.textmeshpro@2.1.6

=== Thu May 15 09:37:45 2025

Packages were changed.
Update Mode: mergeDefaultDependencies

The following packages were added:
  com.unity.2d.animation@10.2.0
  com.unity.2d.pixel-perfect@5.1.0
  com.unity.2d.psdimporter@10.1.0
  com.unity.2d.spriteshape@10.1.0
  com.unity.2d.tilemap@1.0.0
  com.unity.package-validation-suite@0.23.4-preview
  com.unity.postprocessing@3.4.0
